# JRE version: Java(TM) SE Runtime Environment (8.0_51-b16) (build 1.8.0_51-b16)
# Java VM: Java HotSpot(TM) 64-Bit Server VM (25.51-b03 mixed mode windows-amd64 compressed oops)
Heap:
 PSYoungGen      total 53248K, used 1843K [0x00000000d5b80000, 0x00000000d9500000, 0x0000000100000000)
  eden space 48128K, 3% used [0x00000000d5b80000,0x00000000d5d4cf48,0x00000000d8a80000)
  from space 5120K, 0% used [0x00000000d8a80000,0x00000000d8a80000,0x00000000d8f80000)
  to   space 5120K, 0% used [0x00000000d8f80000,0x00000000d8f80000,0x00000000d9480000)
 ParOldGen       total 60928K, used 6308K [0x0000000081200000, 0x0000000084d80000, 0x00000000d5b80000)
  object space 60928K, 10% used [0x0000000081200000,0x0000000081829210,0x0000000084d80000)
 Metaspace       used 20684K, capacity 21356K, committed 21552K, reserved 1071104K
  class space    used 2731K, capacity 2920K, committed 2944K, reserved 1048576K
GC Heap History (10 events):
Event: 1.345 GC heap before
{Heap before GC invocations=3 (full 1):
 PSYoungGen      total 38400K, used 5106K [0x00000000d5b80000, 0x00000000d8600000, 0x0000000100000000)
  eden space 33280K, 0% used [0x00000000d5b80000,0x00000000d5b80000,0x00000000d7c00000)
  from space 5120K, 99% used [0x00000000d8100000,0x00000000d85fc9b8,0x00000000d8600000)
  to   space 5120K, 0% used [0x00000000d7c00000,0x00000000d7c00000,0x00000000d8100000)
 ParOldGen       total 87552K, used 2573K [0x0000000081200000, 0x0000000086780000, 0x00000000d5b80000)
  object space 87552K, 2% used [0x0000000081200000,0x0000000081483678,0x0000000086780000)
 Metaspace       used 12289K, capacity 12600K, committed 12672K, reserved 1071104K
  class space    used 1538K, capacity 1638K, committed 1664K, reserved 1048576K
Event: 1.382 GC heap after
Heap after GC invocations=3 (full 1):
 PSYoungGen      total 38400K, used 0K [0x00000000d5b80000, 0x00000000d8600000, 0x0000000100000000)
  eden space 33280K, 0% used [0x00000000d5b80000,0x00000000d5b80000,0x00000000d7c00000)
  from space 5120K, 0% used [0x00000000d8100000,0x00000000d8100000,0x00000000d8600000)
  to   space 5120K, 0% used [0x00000000d7c00000,0x00000000d7c00000,0x00000000d8100000)
 ParOldGen       total 60928K, used 7393K [0x0000000081200000, 0x0000000084d80000, 0x00000000d5b80000)
  object space 60928K, 12% used [0x0000000081200000,0x0000000081938628,0x0000000084d80000)
 Metaspace       used 12289K, capacity 12600K, committed 12672K, reserved 1064960K
  class space    used 1538K, capacity 1638K, committed 1664K, reserved 1048576K
}
Event: 1.669 GC heap before
{Heap before GC invocations=4 (full 1):
 PSYoungGen      total 38400K, used 33280K [0x00000000d5b80000, 0x00000000d8600000, 0x0000000100000000)
  eden space 33280K, 100% used [0x00000000d5b80000,0x00000000d7c00000,0x00000000d7c00000)
  from space 5120K, 0% used [0x00000000d8100000,0x00000000d8100000,0x00000000d8600000)
  to   space 5120K, 0% used [0x00000000d7c00000,0x00000000d7c00000,0x00000000d8100000)
 ParOldGen       total 60928K, used 7393K [0x0000000081200000, 0x0000000084d80000, 0x00000000d5b80000)
  object space 60928K, 12% used [0x0000000081200000,0x0000000081938628,0x0000000084d80000)
 Metaspace       used 15326K, capacity 15812K, committed 16000K, reserved 1067008K
  class space    used 2024K, capacity 2144K, committed 2176K, reserved 1048576K
Event: 1.672 GC heap after
Heap after GC invocations=4 (full 1):
 PSYoungGen      total 38400K, used 3496K [0x00000000d5b80000, 0x00000000d9480000, 0x0000000100000000)
  eden space 33280K, 0% used [0x00000000d5b80000,0x00000000d5b80000,0x00000000d7c00000)
  from space 5120K, 68% used [0x00000000d7c00000,0x00000000d7f6a150,0x00000000d8100000)
  to   space 5120K, 0% used [0x00000000d8f80000,0x00000000d8f80000,0x00000000d9480000)
 ParOldGen       total 60928K, used 7401K [0x0000000081200000, 0x0000000084d80000, 0x00000000d5b80000)
  object space 60928K, 12% used [0x0000000081200000,0x000000008193a628,0x0000000084d80000)
 Metaspace       used 15326K, capacity 15812K, committed 16000K, reserved 1067008K
  class space    used 2024K, capacity 2144K, committed 2176K, reserved 1048576K
}
Event: 1.913 GC heap before
{Heap before GC invocations=5 (full 1):
 PSYoungGen      total 38400K, used 36776K [0x00000000d5b80000, 0x00000000d9480000, 0x0000000100000000)
  eden space 33280K, 100% used [0x00000000d5b80000,0x00000000d7c00000,0x00000000d7c00000)
  from space 5120K, 68% used [0x00000000d7c00000,0x00000000d7f6a150,0x00000000d8100000)
  to   space 5120K, 0% used [0x00000000d8f80000,0x00000000d8f80000,0x00000000d9480000)
 ParOldGen       total 60928K, used 7401K [0x0000000081200000, 0x0000000084d80000, 0x00000000d5b80000)
  object space 60928K, 12% used [0x0000000081200000,0x000000008193a628,0x0000000084d80000)
 Metaspace       used 19931K, capacity 20560K, committed 20736K, reserved 1071104K
  class space    used 2636K, capacity 2812K, committed 2816K, reserved 1048576K
Event: 1.918 GC heap after
Heap after GC invocations=5 (full 1):
 PSYoungGen      total 53248K, used 5119K [0x00000000d5b80000, 0x00000000d9500000, 0x0000000100000000)
  eden space 48128K, 0% used [0x00000000d5b80000,0x00000000d5b80000,0x00000000d8a80000)
  from space 5120K, 99% used [0x00000000d8f80000,0x00000000d947fd30,0x00000000d9480000)
  to   space 5120K, 0% used [0x00000000d8a80000,0x00000000d8a80000,0x00000000d8f80000)
 ParOldGen       total 60928K, used 7910K [0x0000000081200000, 0x0000000084d80000, 0x00000000d5b80000)
  object space 60928K, 12% used [0x0000000081200000,0x00000000819b9818,0x0000000084d80000)
 Metaspace       used 19931K, capacity 20560K, committed 20736K, reserved 1071104K
  class space    used 2636K, capacity 2812K, committed 2816K, reserved 1048576K
}
Event: 1.978 GC heap before
{Heap before GC invocations=6 (full 1):
 PSYoungGen      total 53248K, used 15693K [0x00000000d5b80000, 0x00000000d9500000, 0x0000000100000000)
  eden space 48128K, 21% used [0x00000000d5b80000,0x00000000d65d3980,0x00000000d8a80000)
  from space 5120K, 99% used [0x00000000d8f80000,0x00000000d947fd30,0x00000000d9480000)
  to   space 5120K, 0% used [0x00000000d8a80000,0x00000000d8a80000,0x00000000d8f80000)
 ParOldGen       total 60928K, used 7910K [0x0000000081200000, 0x0000000084d80000, 0x00000000d5b80000)
  object space 60928K, 12% used [0x0000000081200000,0x00000000819b9818,0x0000000084d80000)
 Metaspace       used 20568K, capacity 21228K, committed 21296K, reserved 1071104K
  class space    used 2716K, capacity 2920K, committed 2944K, reserved 1048576K
Event: 1.983 GC heap after
Heap after GC invocations=6 (full 1):
 PSYoungGen      total 53248K, used 3098K [0x00000000d5b80000, 0x00000000d9500000, 0x0000000100000000)
  eden space 48128K, 0% used [0x00000000d5b80000,0x00000000d5b80000,0x00000000d8a80000)
  from space 5120K, 60% used [0x00000000d8a80000,0x00000000d8d86928,0x00000000d8f80000)
  to   space 5120K, 0% used [0x00000000d8f80000,0x00000000d8f80000,0x00000000d9480000)
 ParOldGen       total 60928K, used 7982K [0x0000000081200000, 0x0000000084d80000, 0x00000000d5b80000)
  object space 60928K, 13% used [0x0000000081200000,0x00000000819cb828,0x0000000084d80000)
 Metaspace       used 20568K, capacity 21228K, committed 21296K, reserved 1071104K
  class space    used 2716K, capacity 2920K, committed 2944K, reserved 1048576K
}
Event: 1.983 GC heap before
{Heap before GC invocations=7 (full 2):
 PSYoungGen      total 53248K, used 3098K [0x00000000d5b80000, 0x00000000d9500000, 0x0000000100000000)
  eden space 48128K, 0% used [0x00000000d5b80000,0x00000000d5b80000,0x00000000d8a80000)
  from space 5120K, 60% used [0x00000000d8a80000,0x00000000d8d86928,0x00000000d8f80000)
  to   space 5120K, 0% used [0x00000000d8f80000,0x00000000d8f80000,0x00000000d9480000)
 ParOldGen       total 60928K, used 7982K [0x0000000081200000, 0x0000000084d80000, 0x00000000d5b80000)
  object space 60928K, 13% used [0x0000000081200000,0x00000000819cb828,0x0000000084d80000)
 Metaspace       used 20568K, capacity 21228K, committed 21296K, reserved 1071104K
  class space    used 2716K, capacity 2920K, committed 2944K, reserved 1048576K
Event: 2.020 GC heap after
Heap after GC invocations=7 (full 2):
 PSYoungGen      total 53248K, used 0K [0x00000000d5b80000, 0x00000000d9500000, 0x0000000100000000)
  eden space 48128K, 0% used [0x00000000d5b80000,0x00000000d5b80000,0x00000000d8a80000)
  from space 5120K, 0% used [0x00000000d8a80000,0x00000000d8a80000,0x00000000d8f80000)
  to   space 5120K, 0% used [0x00000000d8f80000,0x00000000d8f80000,0x00000000d9480000)
 ParOldGen       total 60928K, used 6308K [0x0000000081200000, 0x0000000084d80000, 0x00000000d5b80000)
  object space 60928K, 10% used [0x0000000081200000,0x0000000081829210,0x0000000084d80000)
 Metaspace       used 20568K, capacity 21228K, committed 21296K, reserved 1071104K
  class space    used 2716K, capacity 2920K, committed 2944K, reserved 1048576K
}

